\BOOKMARK [1][-]{section*.1}{Introduction}{}% 1
\BOOKMARK [1][-]{section*.2}{Implementations and Examples}{}% 2
\BOOKMARK [2][-]{section*.3}{Clonal identification}{section*.2}% 3
\BOOKMARK [2][-]{section*.4}{Minimum Spanning Networks with Reticulation}{section*.2}% 4
\BOOKMARK [2][-]{section*.5}{Bootstrapping}{section*.2}% 5
\BOOKMARK [2][-]{section*.6}{Genotype Accumulation Curve}{section*.2}% 6
\BOOKMARK [2][-]{section*.7}{Index of association}{section*.2}% 7
\BOOKMARK [2][-]{section*.8}{Data format updates: population strata and hierarchies}{section*.2}% 8
\BOOKMARK [1][-]{section*.9}{Availability}{}% 9
\BOOKMARK [1][-]{section*.10}{Discussion}{}% 10
\BOOKMARK [1][-]{section*.11}{Acknowledgements}{}% 11
\BOOKMARK [1][-]{section*.12}{Figures and Tables}{}% 12
\BOOKMARK [2][-]{section*.13}{Figure 1}{section*.12}% 13
\BOOKMARK [2][-]{section*.14}{Figure 2}{section*.12}% 14
\BOOKMARK [2][-]{section*.15}{Figure 3}{section*.12}% 15
\BOOKMARK [2][-]{section*.16}{Figure 4}{section*.12}% 16
\BOOKMARK [2][-]{section*.17}{Figure 5}{section*.12}% 17
\BOOKMARK [2][-]{section*.18}{Figure 6}{section*.12}% 18
\BOOKMARK [1][-]{section*.19}{Figure Legends}{}% 19
\BOOKMARK [1][-]{section*.20}{References}{}% 20
